2020-12-21 19:40:31 INFO  main com.example.logbackdemo.LogbackdemoApplication Starting LogbackdemoApplication using Java 14.0.2 on LAPTOP-7F5V24RC with PID 22288 (D:\logbackdemo\target\classes started by 11209 in D:\logbackdemo)
2020-12-21 19:40:31 INFO  main com.example.logbackdemo.LogbackdemoApplication No active profile set, falling back to default profiles: default
2020-12-21 19:40:32 INFO  main org.springframework.boot.web.embedded.tomcat.TomcatWebServer Tomcat initialized with port(s): 8080 (http)
2020-12-21 19:40:32 INFO  main org.apache.coyote.http11.Http11NioProtocol Initializing ProtocolHandler ["http-nio-8080"]
2020-12-21 19:40:32 INFO  main org.apache.catalina.core.StandardService Starting service [Tomcat]
2020-12-21 19:40:32 INFO  main org.apache.catalina.core.StandardEngine Starting Servlet engine: [Apache Tomcat/9.0.41]
2020-12-21 19:40:32 INFO  main org.apache.catalina.core.AprLifecycleListener Loaded Apache Tomcat Native library [1.2.24] using APR version [1.7.0].
2020-12-21 19:40:32 INFO  main org.apache.catalina.core.AprLifecycleListener APR capabilities: IPv6 [true], sendfile [true], accept filters [false], random [true].
2020-12-21 19:40:32 INFO  main org.apache.catalina.core.AprLifecycleListener APR/OpenSSL configuration: useAprConnector [false], useOpenSSL [true]
2020-12-21 19:40:32 INFO  main org.apache.catalina.core.AprLifecycleListener OpenSSL successfully initialized [OpenSSL 1.1.1g  21 Apr 2020]
2020-12-21 19:40:32 INFO  main org.apache.catalina.core.ContainerBase.[Tomcat].[localhost].[/] Initializing Spring embedded WebApplicationContext
2020-12-21 19:40:32 INFO  main org.springframework.boot.web.servlet.context.ServletWebServerApplicationContext Root WebApplicationContext: initialization completed in 546 ms
2020-12-21 19:40:32 INFO  main org.springframework.scheduling.concurrent.ThreadPoolTaskExecutor Initializing ExecutorService 'applicationTaskExecutor'
2020-12-21 19:40:32 INFO  main org.apache.coyote.http11.Http11NioProtocol Starting ProtocolHandler ["http-nio-8080"]
2020-12-21 19:40:32 INFO  main org.springframework.boot.web.embedded.tomcat.TomcatWebServer Tomcat started on port(s): 8080 (http) with context path ''
2020-12-21 19:40:32 INFO  main com.example.logbackdemo.LogbackdemoApplication Started LogbackdemoApplication in 1.078 seconds (JVM running for 1.53)
2020-12-21 19:42:01 INFO  main com.example.logbackdemo.LogbackdemoApplication Starting LogbackdemoApplication using Java 14.0.2 on LAPTOP-7F5V24RC with PID 4588 (D:\logbackdemo\target\classes started by 11209 in D:\logbackdemo)
2020-12-21 19:42:01 INFO  main com.example.logbackdemo.LogbackdemoApplication No active profile set, falling back to default profiles: default
2020-12-21 19:42:02 INFO  main org.springframework.boot.web.embedded.tomcat.TomcatWebServer Tomcat initialized with port(s): 8080 (http)
2020-12-21 19:42:02 INFO  main org.apache.coyote.http11.Http11NioProtocol Initializing ProtocolHandler ["http-nio-8080"]
2020-12-21 19:42:02 INFO  main org.apache.catalina.core.StandardService Starting service [Tomcat]
2020-12-21 19:42:02 INFO  main org.apache.catalina.core.StandardEngine Starting Servlet engine: [Apache Tomcat/9.0.41]
2020-12-21 19:42:02 INFO  main org.apache.catalina.core.AprLifecycleListener Loaded Apache Tomcat Native library [1.2.24] using APR version [1.7.0].
2020-12-21 19:42:02 INFO  main org.apache.catalina.core.AprLifecycleListener APR capabilities: IPv6 [true], sendfile [true], accept filters [false], random [true].
2020-12-21 19:42:02 INFO  main org.apache.catalina.core.AprLifecycleListener APR/OpenSSL configuration: useAprConnector [false], useOpenSSL [true]
2020-12-21 19:42:02 INFO  main org.apache.catalina.core.AprLifecycleListener OpenSSL successfully initialized [OpenSSL 1.1.1g  21 Apr 2020]
2020-12-21 19:42:02 INFO  main org.apache.catalina.core.ContainerBase.[Tomcat].[localhost].[/] Initializing Spring embedded WebApplicationContext
2020-12-21 19:42:02 INFO  main org.springframework.boot.web.servlet.context.ServletWebServerApplicationContext Root WebApplicationContext: initialization completed in 492 ms
2020-12-21 19:42:02 INFO  main org.springframework.scheduling.concurrent.ThreadPoolTaskExecutor Initializing ExecutorService 'applicationTaskExecutor'
2020-12-21 19:42:02 INFO  main org.apache.coyote.http11.Http11NioProtocol Starting ProtocolHandler ["http-nio-8080"]
2020-12-21 19:42:02 INFO  main org.springframework.boot.web.embedded.tomcat.TomcatWebServer Tomcat started on port(s): 8080 (http) with context path ''
2020-12-21 19:42:02 INFO  main com.example.logbackdemo.LogbackdemoApplication Started LogbackdemoApplication in 0.959 seconds (JVM running for 1.33)
2020-12-21 19:43:40 INFO  main com.example.logbackdemo.LogbackdemoApplication Starting LogbackdemoApplication using Java 14.0.2 on LAPTOP-7F5V24RC with PID 22824 (D:\logbackdemo\target\classes started by 11209 in D:\logbackdemo)
2020-12-21 19:43:40 INFO  main com.example.logbackdemo.LogbackdemoApplication No active profile set, falling back to default profiles: default
2020-12-21 19:43:41 INFO  main org.springframework.boot.web.embedded.tomcat.TomcatWebServer Tomcat initialized with port(s): 8080 (http)
2020-12-21 19:43:41 INFO  main org.apache.coyote.http11.Http11NioProtocol Initializing ProtocolHandler ["http-nio-8080"]
2020-12-21 19:43:41 INFO  main org.apache.catalina.core.StandardService Starting service [Tomcat]
2020-12-21 19:43:41 INFO  main org.apache.catalina.core.StandardEngine Starting Servlet engine: [Apache Tomcat/9.0.41]
2020-12-21 19:43:41 INFO  main org.apache.catalina.core.AprLifecycleListener Loaded Apache Tomcat Native library [1.2.24] using APR version [1.7.0].
2020-12-21 19:43:41 INFO  main org.apache.catalina.core.AprLifecycleListener APR capabilities: IPv6 [true], sendfile [true], accept filters [false], random [true].
2020-12-21 19:43:41 INFO  main org.apache.catalina.core.AprLifecycleListener APR/OpenSSL configuration: useAprConnector [false], useOpenSSL [true]
2020-12-21 19:43:41 INFO  main org.apache.catalina.core.AprLifecycleListener OpenSSL successfully initialized [OpenSSL 1.1.1g  21 Apr 2020]
2020-12-21 19:43:41 INFO  main org.apache.catalina.core.ContainerBase.[Tomcat].[localhost].[/] Initializing Spring embedded WebApplicationContext
2020-12-21 19:43:41 INFO  main org.springframework.boot.web.servlet.context.ServletWebServerApplicationContext Root WebApplicationContext: initialization completed in 512 ms
2020-12-21 19:43:41 INFO  main org.springframework.scheduling.concurrent.ThreadPoolTaskExecutor Initializing ExecutorService 'applicationTaskExecutor'
2020-12-21 19:43:41 INFO  main org.apache.coyote.http11.Http11NioProtocol Starting ProtocolHandler ["http-nio-8080"]
2020-12-21 19:43:41 INFO  main org.springframework.boot.web.embedded.tomcat.TomcatWebServer Tomcat started on port(s): 8080 (http) with context path ''
2020-12-21 19:43:41 INFO  main com.example.logbackdemo.LogbackdemoApplication Started LogbackdemoApplication in 0.989 seconds (JVM running for 1.38)
2020-12-21 19:44:37 INFO  http-nio-8080-exec-1 org.apache.catalina.core.ContainerBase.[Tomcat].[localhost].[/] Initializing Spring DispatcherServlet 'dispatcherServlet'
2020-12-21 19:44:37 INFO  http-nio-8080-exec-1 org.springframework.web.servlet.DispatcherServlet Initializing Servlet 'dispatcherServlet'
2020-12-21 19:44:37 INFO  http-nio-8080-exec-1 org.springframework.web.servlet.DispatcherServlet Completed initialization in 0 ms
2020-12-21 19:46:38 INFO  main com.example.logbackdemo.LogbackdemoApplication Starting LogbackdemoApplication using Java 14.0.2 on LAPTOP-7F5V24RC with PID 7232 (D:\logbackdemo\target\classes started by 11209 in D:\logbackdemo)
2020-12-21 19:46:38 INFO  main com.example.logbackdemo.LogbackdemoApplication No active profile set, falling back to default profiles: default
2020-12-21 19:46:39 INFO  main org.springframework.boot.web.embedded.tomcat.TomcatWebServer Tomcat initialized with port(s): 8080 (http)
2020-12-21 19:46:39 INFO  main org.apache.coyote.http11.Http11NioProtocol Initializing ProtocolHandler ["http-nio-8080"]
2020-12-21 19:46:39 INFO  main org.apache.catalina.core.StandardService Starting service [Tomcat]
2020-12-21 19:46:39 INFO  main org.apache.catalina.core.StandardEngine Starting Servlet engine: [Apache Tomcat/9.0.41]
2020-12-21 19:46:39 INFO  main org.apache.catalina.core.AprLifecycleListener Loaded Apache Tomcat Native library [1.2.24] using APR version [1.7.0].
2020-12-21 19:46:39 INFO  main org.apache.catalina.core.AprLifecycleListener APR capabilities: IPv6 [true], sendfile [true], accept filters [false], random [true].
2020-12-21 19:46:39 INFO  main org.apache.catalina.core.AprLifecycleListener APR/OpenSSL configuration: useAprConnector [false], useOpenSSL [true]
2020-12-21 19:46:39 INFO  main org.apache.catalina.core.AprLifecycleListener OpenSSL successfully initialized [OpenSSL 1.1.1g  21 Apr 2020]
2020-12-21 19:46:39 INFO  main org.apache.catalina.core.ContainerBase.[Tomcat].[localhost].[/] Initializing Spring embedded WebApplicationContext
2020-12-21 19:46:39 INFO  main org.springframework.boot.web.servlet.context.ServletWebServerApplicationContext Root WebApplicationContext: initialization completed in 523 ms
2020-12-21 19:46:39 INFO  main org.springframework.scheduling.concurrent.ThreadPoolTaskExecutor Initializing ExecutorService 'applicationTaskExecutor'
2020-12-21 19:46:39 INFO  main org.apache.coyote.http11.Http11NioProtocol Starting ProtocolHandler ["http-nio-8080"]
2020-12-21 19:46:39 INFO  main org.springframework.boot.web.embedded.tomcat.TomcatWebServer Tomcat started on port(s): 8080 (http) with context path ''
2020-12-21 19:46:39 INFO  main com.example.logbackdemo.LogbackdemoApplication Started LogbackdemoApplication in 0.999 seconds (JVM running for 1.4)
2020-12-21 19:46:55 INFO  http-nio-8080-exec-1 org.apache.catalina.core.ContainerBase.[Tomcat].[localhost].[/] Initializing Spring DispatcherServlet 'dispatcherServlet'
2020-12-21 19:46:55 INFO  http-nio-8080-exec-1 org.springframework.web.servlet.DispatcherServlet Initializing Servlet 'dispatcherServlet'
2020-12-21 19:46:55 INFO  http-nio-8080-exec-1 org.springframework.web.servlet.DispatcherServlet Completed initialization in 0 ms
2020-12-21 19:47:45 INFO  main com.example.logbackdemo.LogbackdemoApplication Starting LogbackdemoApplication using Java 14.0.2 on LAPTOP-7F5V24RC with PID 9896 (D:\logbackdemo\target\classes started by 11209 in D:\logbackdemo)
2020-12-21 19:47:45 INFO  main com.example.logbackdemo.LogbackdemoApplication No active profile set, falling back to default profiles: default
2020-12-21 19:47:45 INFO  main org.springframework.boot.web.embedded.tomcat.TomcatWebServer Tomcat initialized with port(s): 8080 (http)
2020-12-21 19:47:45 INFO  main org.apache.coyote.http11.Http11NioProtocol Initializing ProtocolHandler ["http-nio-8080"]
2020-12-21 19:47:45 INFO  main org.apache.catalina.core.StandardService Starting service [Tomcat]
2020-12-21 19:47:45 INFO  main org.apache.catalina.core.StandardEngine Starting Servlet engine: [Apache Tomcat/9.0.41]
2020-12-21 19:47:45 INFO  main org.apache.catalina.core.AprLifecycleListener Loaded Apache Tomcat Native library [1.2.24] using APR version [1.7.0].
2020-12-21 19:47:45 INFO  main org.apache.catalina.core.AprLifecycleListener APR capabilities: IPv6 [true], sendfile [true], accept filters [false], random [true].
2020-12-21 19:47:45 INFO  main org.apache.catalina.core.AprLifecycleListener APR/OpenSSL configuration: useAprConnector [false], useOpenSSL [true]
2020-12-21 19:47:45 INFO  main org.apache.catalina.core.AprLifecycleListener OpenSSL successfully initialized [OpenSSL 1.1.1g  21 Apr 2020]
2020-12-21 19:47:45 INFO  main org.apache.catalina.core.ContainerBase.[Tomcat].[localhost].[/] Initializing Spring embedded WebApplicationContext
2020-12-21 19:47:45 INFO  main org.springframework.boot.web.servlet.context.ServletWebServerApplicationContext Root WebApplicationContext: initialization completed in 492 ms
2020-12-21 19:47:45 INFO  main org.springframework.scheduling.concurrent.ThreadPoolTaskExecutor Initializing ExecutorService 'applicationTaskExecutor'
2020-12-21 19:47:46 INFO  main org.apache.coyote.http11.Http11NioProtocol Starting ProtocolHandler ["http-nio-8080"]
2020-12-21 19:47:46 INFO  main org.springframework.boot.web.embedded.tomcat.TomcatWebServer Tomcat started on port(s): 8080 (http) with context path ''
2020-12-21 19:47:46 INFO  main com.example.logbackdemo.LogbackdemoApplication Started LogbackdemoApplication in 0.955 seconds (JVM running for 1.338)
2020-12-21 19:47:56 INFO  http-nio-8080-exec-1 org.apache.catalina.core.ContainerBase.[Tomcat].[localhost].[/] Initializing Spring DispatcherServlet 'dispatcherServlet'
2020-12-21 19:47:56 INFO  http-nio-8080-exec-1 org.springframework.web.servlet.DispatcherServlet Initializing Servlet 'dispatcherServlet'
2020-12-21 19:47:56 INFO  http-nio-8080-exec-1 org.springframework.web.servlet.DispatcherServlet Completed initialization in 0 ms
2020-12-21 19:48:48 INFO  http-nio-8080-exec-2 com.example.logbackdemo.controller.LogController [say方法start][大家跟我说Hello World][入参无]
2020-12-21 19:48:49 INFO  http-nio-8080-exec-2 com.example.logbackdemo.controller.LogController [say方法end][大家跟我说Hello World][出参:everybodySay=Hello World!][方法耗时:1.0秒]
